Using pre-set license
Built from '2022.3/staging' branch; Version is '2022.3.31f1 (4ede2d13e8b4) revision 5168685'; Using compiler version '192829333'; Build Type 'Release'
OS: 'Windows 11  (10.0.22631) 64bit Professional' Language: 'en' Physical Memory: 16335 MB
BatchMode: 1, IsHumanControllingUs: 0, StartBugReporterOnCrash: 0, Is64bit: 1, IsPro: 1

COMMAND LINE ARGUMENTS:
C:\Program Files\Unity\Hub\Editor\2022.3.31f1\Editor\Unity.exe
-adb2
-batchMode
-noUpm
-name
AssetImportWorker7
-projectPath
D:/UnityProj/Modelka_PR
-logFile
Logs/AssetImportWorker7.log
-srvPort
53911
Successfully changed project path to: D:/UnityProj/Modelka_PR
D:/UnityProj/Modelka_PR
[UnityMemory] Configuration Parameters - Can be set up in boot.config
    "memorysetup-bucket-allocator-granularity=16"
    "memorysetup-bucket-allocator-bucket-count=8"
    "memorysetup-bucket-allocator-block-size=33554432"
    "memorysetup-bucket-allocator-block-count=8"
    "memorysetup-main-allocator-block-size=16777216"
    "memorysetup-thread-allocator-block-size=16777216"
    "memorysetup-gfx-main-allocator-block-size=16777216"
    "memorysetup-gfx-thread-allocator-block-size=16777216"
    "memorysetup-cache-allocator-block-size=4194304"
    "memorysetup-typetree-allocator-block-size=2097152"
    "memorysetup-profiler-bucket-allocator-granularity=16"
    "memorysetup-profiler-bucket-allocator-bucket-count=8"
    "memorysetup-profiler-bucket-allocator-block-size=33554432"
    "memorysetup-profiler-bucket-allocator-block-count=8"
    "memorysetup-profiler-allocator-block-size=16777216"
    "memorysetup-profiler-editor-allocator-block-size=1048576"
    "memorysetup-temp-allocator-size-main=16777216"
    "memorysetup-job-temp-allocator-block-size=2097152"
    "memorysetup-job-temp-allocator-block-size-background=1048576"
    "memorysetup-job-temp-allocator-reduction-small-platforms=262144"
    "memorysetup-allocator-temp-initial-block-size-main=262144"
    "memorysetup-allocator-temp-initial-block-size-worker=262144"
    "memorysetup-temp-allocator-size-background-worker=32768"
    "memorysetup-temp-allocator-size-job-worker=262144"
    "memorysetup-temp-allocator-size-preload-manager=33554432"
    "memorysetup-temp-allocator-size-nav-mesh-worker=65536"
    "memorysetup-temp-allocator-size-audio-worker=65536"
    "memorysetup-temp-allocator-size-cloud-worker=32768"
    "memorysetup-temp-allocator-size-gi-baking-worker=262144"
    "memorysetup-temp-allocator-size-gfx=262144"
Player connection [12704] Host "[IP] 192.168.0.23 [Port] 0 [Flags] 2 [Guid] 1925341970 [EditorId] 1925341970 [Version] 1048832 [Id] WindowsEditor(7,DESKTOP-BRD43KP) [Debug] 1 [PackageName] WindowsEditor [ProjectName] Editor" joined multi-casting on [225.0.0.222:54997]...

Player connection [12704] Host "[IP] 192.168.0.23 [Port] 0 [Flags] 2 [Guid] 1925341970 [EditorId] 1925341970 [Version] 1048832 [Id] WindowsEditor(7,DESKTOP-BRD43KP) [Debug] 1 [PackageName] WindowsEditor [ProjectName] Editor" joined alternative multi-casting on [225.0.0.222:34997]...

[PhysX] Initialized MultithreadedTaskDispatcher with 12 workers.
Refreshing native plugins compatible for Editor in 4.16 ms, found 3 plugins.
Preloading 0 native plugins for Editor in 0.00 ms.
Initialize engine version: 2022.3.31f1 (4ede2d13e8b4)
[Subsystems] Discovering subsystems at path C:/Program Files/Unity/Hub/Editor/2022.3.31f1/Editor/Data/Resources/UnitySubsystems
[Subsystems] Discovering subsystems at path D:/UnityProj/Modelka_PR/Assets
GfxDevice: creating device client; threaded=0; jobified=0
Direct3D:
    Version:  Direct3D 11.0 [level 11.1]
    Renderer: NVIDIA GeForce RTX 2060 SUPER (ID=0x1f06)
    Vendor:   NVIDIA
    VRAM:     8006 MB
    Driver:   32.0.15.5585
Initialize mono
Mono path[0] = 'C:/Program Files/Unity/Hub/Editor/2022.3.31f1/Editor/Data/Managed'
Mono path[1] = 'C:/Program Files/Unity/Hub/Editor/2022.3.31f1/Editor/Data/MonoBleedingEdge/lib/mono/unityjit-win32'
Mono config path = 'C:/Program Files/Unity/Hub/Editor/2022.3.31f1/Editor/Data/MonoBleedingEdge/etc'
Using monoOptions --debugger-agent=transport=dt_socket,embedding=1,server=y,suspend=n,address=127.0.0.1:56180
Begin MonoManager ReloadAssembly
Registering precompiled unity dll's ...
Register platform support module: C:/Program Files/Unity/Hub/Editor/2022.3.31f1/Editor/Data/PlaybackEngines/WebGLSupport/UnityEditor.WebGL.Extensions.dll
Register platform support module: C:/Program Files/Unity/Hub/Editor/2022.3.31f1/Editor/Data/PlaybackEngines/WindowsStandaloneSupport/UnityEditor.WindowsStandalone.Extensions.dll
Registered in 0.005247 seconds.
- Loaded All Assemblies, in  0.311 seconds
Native extension for WindowsStandalone target not found
Native extension for WebGL target not found
Mono: successfully reloaded assembly
- Finished resetting the current domain, in  0.230 seconds
Domain Reload Profiling: 540ms
	BeginReloadAssembly (92ms)
		ExecutionOrderSort (0ms)
		DisableScriptedObjects (0ms)
		BackupInstance (0ms)
		ReleaseScriptingObjects (0ms)
		CreateAndSetChildDomain (1ms)
	RebuildCommonClasses (34ms)
	RebuildNativeTypeToScriptingClass (11ms)
	initialDomainReloadingComplete (48ms)
	LoadAllAssembliesAndSetupDomain (126ms)
		LoadAssemblies (90ms)
		RebuildTransferFunctionScriptingTraits (0ms)
		AnalyzeDomain (124ms)
			TypeCache.Refresh (123ms)
				TypeCache.ScanAssembly (113ms)
			ScanForSourceGeneratedMonoScriptInfo (0ms)
			ResolveRequiredComponents (0ms)
	FinalizeReload (230ms)
		ReleaseScriptCaches (0ms)
		RebuildScriptCaches (0ms)
		SetupLoadedEditorAssemblies (182ms)
			LogAssemblyErrors (0ms)
			InitializePlatformSupportModulesInManaged (7ms)
			SetLoadedEditorAssemblies (5ms)
			RefreshPlugins (0ms)
			BeforeProcessingInitializeOnLoad (2ms)
			ProcessInitializeOnLoadAttributes (127ms)
			ProcessInitializeOnLoadMethodAttributes (41ms)
			AfterProcessingInitializeOnLoad (0ms)
			EditorAssembliesLoaded (0ms)
		ExecutionOrderSort2 (0ms)
		AwakeInstancesAfterBackupRestoration (0ms)
========================================================================
Worker process is ready to serve import requests
Begin MonoManager ReloadAssembly
- Loaded All Assemblies, in  0.498 seconds
Refreshing native plugins compatible for Editor in 1.34 ms, found 3 plugins.
Native extension for WindowsStandalone target not found
Native extension for WebGL target not found
Package Manager log level set to [2]
[Package Manager] Server::EnsureServerProcessIsRunning -- launch failed, reason: Unity was launched with the -noUpm command-line argument
[Package Manager] UpmClient::Send -- Unable to send message (not connected to UPM process).
[Package Manager] Cannot connect to Unity Package Manager local server
Mono: successfully reloaded assembly
- Finished resetting the current domain, in  0.474 seconds
Domain Reload Profiling: 971ms
	BeginReloadAssembly (118ms)
		ExecutionOrderSort (0ms)
		DisableScriptedObjects (5ms)
		BackupInstance (0ms)
		ReleaseScriptingObjects (0ms)
		CreateAndSetChildDomain (17ms)
	RebuildCommonClasses (33ms)
	RebuildNativeTypeToScriptingClass (10ms)
	initialDomainReloadingComplete (33ms)
	LoadAllAssembliesAndSetupDomain (302ms)
		LoadAssemblies (209ms)
		RebuildTransferFunctionScriptingTraits (0ms)
		AnalyzeDomain (159ms)
			TypeCache.Refresh (141ms)
				TypeCache.ScanAssembly (129ms)
			ScanForSourceGeneratedMonoScriptInfo (12ms)
			ResolveRequiredComponents (5ms)
	FinalizeReload (475ms)
		ReleaseScriptCaches (0ms)
		RebuildScriptCaches (0ms)
		SetupLoadedEditorAssemblies (350ms)
			LogAssemblyErrors (0ms)
			InitializePlatformSupportModulesInManaged (6ms)
			SetLoadedEditorAssemblies (4ms)
			RefreshPlugins (0ms)
			BeforeProcessingInitializeOnLoad (49ms)
			ProcessInitializeOnLoadAttributes (270ms)
			ProcessInitializeOnLoadMethodAttributes (18ms)
			AfterProcessingInitializeOnLoad (4ms)
			EditorAssembliesLoaded (0ms)
		ExecutionOrderSort2 (0ms)
		AwakeInstancesAfterBackupRestoration (6ms)
Launched and connected shader compiler UnityShaderCompiler.exe after 0.04 seconds
Refreshing native plugins compatible for Editor in 1.31 ms, found 3 plugins.
Preloading 0 native plugins for Editor in 0.00 ms.
Unloading 3197 Unused Serialized files (Serialized files now loaded: 0)
Unloading 33 unused Assets / (58.2 KB). Loaded Objects now: 3673.
Memory consumption went from 134.9 MB to 134.8 MB.
Total: 2.662300 ms (FindLiveObjects: 0.255900 ms CreateObjectMapping: 0.072300 ms MarkObjects: 2.246200 ms  DeleteObjects: 0.087100 ms)

AssetImportParameters requested are different than current active one (requested -> active):
  custom:scripting/monoscript/fileName/SkewTextExample.cs: f96859e31fd6dde308d9dc2a2488dcff -> c142d02d70a129e0533975f7c2f96956
  custom:container-demuxer-ogg: 62fdf1f143b41e24485cea50d1cbac27 -> 
  custom:scripting/monoscript/fileName/TMP_TextEventHandler.cs: d0f86a17d6fd3e9995db934eaaf34f18 -> f5cd9d5a43bfefc8f4fec80e6de896a4
  custom:scripting/monoscript/fileName/TextMeshProFloatingText.cs: 5a37842f75734e7729f89af9a8145a1a -> 92608fa4a6315cd0786d82205e77b697
  custom:scripting/monoscript/fileName/VertexZoom.cs: 2da4737d79388c0362c64482e9ee50d2 -> 650ab1e81d40126e3edcf737cce646e4
  custom:video-codec-MediaFoundation-h265: 746d11721c4dcdbdad8f713fa42b33f4 -> 
  custom:scripting/monoscript/fileName/VertexShakeA.cs: 16900906a98712c9660b9823af1f2500 -> 63ec564c588058369499638dd899e05b
  custom:scripting/monoscript/fileName/TMP_ExampleScript_01.cs: 59997facf165601d8c6263ace2a973a5 -> a9d4be556104ff54e7d240529b3e01dc
  custom:video-decoder-ogg-theora: a1e56fd34408186e4bbccfd4996cb3dc -> 
  custom:scripting/monoscript/fileName/TMP_TextEventCheck.cs: 7ee93fce990cec7a5b67b504d0259dce -> 13505d917eab5868c435e0c2986dadfa
  custom:scripting/monoscript/fileName/TMP_TextSelector_B.cs: c0db108de9ffc9b6f619f3d00162b1c2 -> ba2be21a7486d37b1011342977a2e49d
  custom:scripting/monoscript/fileName/Benchmark01.cs: 1fef48c763f4be76a973f061699dd041 -> 2d3e2cd961730ab95f139a49a673bace
  custom:framework-win-MediaFoundation: 216162199b28c13a410421893ffa2e32 -> 
  custom:scripting/monoscript/fileName/NewBehaviourScript.cs: b21687ddb03d73bd9f0c1daecb9714de -> 
  custom:scripting/monoscript/fileName/Benchmark02.cs: 92dcd0c0a469d0c0690d8ca0bfe95e6f -> 5640963252ce70910e726415f869ced6
  custom:scripting/monoscript/fileName/DropdownSample.cs: b4fe7efb027fdd4854f643ad764daa8c -> 0a92251794e5f10400149f96c3c59e5d
  custom:scripting/monoscript/fileName/WarpTextExample.cs: c5431dac938081648a3a3ac553c1029b -> 2663459c266363641981c7d17b698d7f
  custom:CustomObjectIndexerAttribute: 9a22284fe3817be447336de3de66b15e -> 
  custom:scripting/monoscript/fileName/Mouse_Look.cs: bf1d1bba457f2c5fd5904be9fbc47b2f -> 
  custom:container-demuxer-webm: 4f35f7cbe854078d1ac9338744f61a02 -> 
  custom:scripting/monoscript/fileName/ChatController.cs: ff21b89493e3dffcbe018a2cc5a10bae -> 876d5ccae6e345dd5d9450eb0a748f16
  custom:scripting/monoscript/fileName/TextMeshSpawner.cs: c0f20e5855e88374db1098a5acc68df4 -> 76f28e2ddb031571e6ec62b018f65fa8
  custom:scripting/monoscript/fileName/TeleType.cs: c18e16db35615314900dbe198d0144e7 -> 31fa97821c4c70f157ec81d507aa6b62
  custom:scripting/monoscript/fileName/Benchmark04.cs: 86dfb70824307c4cf164687df2489226 -> 32220b148620e52aa81c13a114862bf4
  custom:container-muxer-webm: aa71ff27fc2769a1b78a27578f13a17b -> 
  custom:video-decoder-webm-vp8: 9c59270c3fd7afecdb556c50c9e8de78 -> 
  custom:scripting/monoscript/fileName/TMP_PhoneNumberValidator.cs: b4c1c54136dffeb4e2962027ebaa6b1f -> 7c3049f481e464c6a9a15dee56c3126f
  custom:SearchIndexIgnoredProperties: e643bd26f0fe6173181afceb89e7c659 -> 
  custom:AudioImporter_EditorPlatform: d09bf68614088b80899f8185d706f6e7 -> 
  custom:scripting/monoscript/fileName/EnvMapAnimator.cs: 08e040d459cd881082c0dd5daba5f85c -> 1b4f61c17e4b7283c3ac351aacff9d26
  custom:scripting/monoscript/fileName/ShaderPropAnimator.cs: 88b70bc5bbc15375387323f48f0661cf -> 55ce425812446482e623ff2695c94cb2
  custom:scripting/monoscript/fileName/SimpleScript.cs: dcd92cf7399b0d08e25e4a66ab57e91e -> 454caab0c6c050f29b39d82e1d66d0fa
  custom:scripting/monoscript/fileName/ObjectSpin.cs: b34dd4d17018731600f920d50ca840f7 -> 2b96bb2079dd7fa5108d981627a28e1e
  custom:scripting/monoscript/fileName/CameraController.cs: 8d43c2def3a67efed518259a2232b470 -> 34b6be4e23ce86dc89786916c5983296
  custom:scripting/monoscript/fileName/TMP_TextInfoDebugTool.cs: 7aad42023b6f5112c90650ae13bd6dd8 -> 3f1709cfb2cc628169113a35b5e9be3f
  custom:scripting/monoscript/fileName/TMP_TextSelector_A.cs: 088357b4acdc1e6288d897936d29c8d3 -> 347309a09d56e367b188a6978f75b424
  custom:video-encoder-webm-vp8: eb34c28f22e8b96e1ab97ce403110664 -> 
  custom:audio-decoder-ogg-vorbis: bf7c407c2cedff20999df2af8eb42d56 -> 
  custom:scripting/monoscript/fileName/VertexJitter.cs: 6330f950b41eff6e5970f129864ecd6c -> d27eb5498e48714a66aece98da065133
  custom:scripting/monoscript/fileName/TextConsoleSimulator.cs: f2c8898b26c0cf2b0a1c7d12d99e6769 -> 33fc311abb20b5b0ed8f00e4d86b574e
  custom:scripting/monoscript/fileName/VertexColorCycler.cs: 135fb0ebdaf256193ccc08218c426c64 -> 5f984ca91cf3609293aecc6bc5641572
  custom:scripting/monoscript/fileName/TMP_FrameRateCounter.cs: 8afeb6f0251e063dcfff2bd827f92c62 -> 46f655df8cb483ac5958307137b1585a
  custom:scripting/monoscript/fileName/VertexShakeB.cs: 587e5b2aecc39120c2c9ff69742ce897 -> a6f78c4fcda1a29a1a1c1baefedba9e7
  custom:scripting/monoscript/fileName/TMP_UiFrameRateCounter.cs: 8fa3bcf761bb5076fd90d0361518d59c -> b01021aea19247f14a98ab338907956a
  custom:scripting/monoscript/fileName/TMPro_InstructionOverlay.cs: 194f3617683541355a9c6c8193e87b1c -> b626d2270e6ebd5c4311585c18b58d8d
  custom:scripting/monoscript/fileName/TMP_DigitValidator.cs: 4e5cde653ae28b90ab257e866c94dfce -> ac02af96215ae3951a3cce9e1a8c6085
  custom:audio-encoder-webm-vorbis: bf7c407c2cedff20999df2af8eb42d56 -> 
  custom:scripting/monoscript/fileName/Benchmark01_UGUI.cs: 52a24b07fcdd062ef495404efdb65870 -> 6148cfe2627b7708298f301788144139
  custom:scripting/monoscript/fileName/Benchmark03.cs: 520976d641c2b7cf395e30b045f5a45d -> 17cc87e0529ac71d909a946afb47a274
========================================================================
Received Prepare
Begin MonoManager ReloadAssembly
- Loaded All Assemblies, in  0.379 seconds
Refreshing native plugins compatible for Editor in 1.50 ms, found 3 plugins.
Native extension for WindowsStandalone target not found
Native extension for WebGL target not found
[Package Manager] Server::EnsureServerProcessIsRunning -- launch failed, reason: Unity was launched with the -noUpm command-line argument
[Package Manager] UpmClient::Send -- Unable to send message (not connected to UPM process).
[Package Manager] Cannot connect to Unity Package Manager local server
[ScriptCompilation] NOT recompiling all scripts because this is an import worker process. Reason to compile was: Define symbols changed
Mono: successfully reloaded assembly
- Finished resetting the current domain, in 12.353 seconds
Domain Reload Profiling: 12732ms
	BeginReloadAssembly (138ms)
		ExecutionOrderSort (0ms)
		DisableScriptedObjects (5ms)
		BackupInstance (0ms)
		ReleaseScriptingObjects (0ms)
		CreateAndSetChildDomain (32ms)
	RebuildCommonClasses (30ms)
	RebuildNativeTypeToScriptingClass (11ms)
	initialDomainReloadingComplete (23ms)
	LoadAllAssembliesAndSetupDomain (177ms)
		LoadAssemblies (230ms)
		RebuildTransferFunctionScriptingTraits (0ms)
		AnalyzeDomain (21ms)
			TypeCache.Refresh (8ms)
				TypeCache.ScanAssembly (2ms)
			ScanForSourceGeneratedMonoScriptInfo (6ms)
			ResolveRequiredComponents (5ms)
	FinalizeReload (12354ms)
		ReleaseScriptCaches (0ms)
		RebuildScriptCaches (0ms)
		SetupLoadedEditorAssemblies (343ms)
			LogAssemblyErrors (0ms)
			InitializePlatformSupportModulesInManaged (5ms)
			SetLoadedEditorAssemblies (4ms)
			RefreshPlugins (0ms)
			BeforeProcessingInitializeOnLoad (52ms)
			ProcessInitializeOnLoadAttributes (253ms)
			ProcessInitializeOnLoadMethodAttributes (24ms)
			AfterProcessingInitializeOnLoad (5ms)
			EditorAssembliesLoaded (0ms)
		ExecutionOrderSort2 (0ms)
		AwakeInstancesAfterBackupRestoration (6ms)
Refreshing native plugins compatible for Editor in 1.36 ms, found 3 plugins.
Preloading 0 native plugins for Editor in 0.00 ms.
Unloading 3310 Unused Serialized files (Serialized files now loaded: 0)
Unloading 63 unused Assets / (4.0 MB). Loaded Objects now: 3770.
Memory consumption went from 145.9 MB to 141.9 MB.
Total: 3.572700 ms (FindLiveObjects: 0.270100 ms CreateObjectMapping: 0.097900 ms MarkObjects: 2.232800 ms  DeleteObjects: 0.970800 ms)

Prepare: number of updated asset objects reloaded= 0
AssetImportParameters requested are different than current active one (requested -> active):
  custom:scripting/monoscript/fileName/SkewTextExample.cs: f96859e31fd6dde308d9dc2a2488dcff -> c142d02d70a129e0533975f7c2f96956
  custom:container-demuxer-ogg: 62fdf1f143b41e24485cea50d1cbac27 -> 
  custom:scripting/monoscript/fileName/TMP_TextEventHandler.cs: d0f86a17d6fd3e9995db934eaaf34f18 -> f5cd9d5a43bfefc8f4fec80e6de896a4
  custom:scripting/monoscript/fileName/TextMeshProFloatingText.cs: 5a37842f75734e7729f89af9a8145a1a -> 92608fa4a6315cd0786d82205e77b697
  custom:scripting/monoscript/fileName/VertexZoom.cs: 2da4737d79388c0362c64482e9ee50d2 -> 650ab1e81d40126e3edcf737cce646e4
  custom:video-codec-MediaFoundation-h265: 746d11721c4dcdbdad8f713fa42b33f4 -> 
  custom:scripting/monoscript/fileName/VertexShakeA.cs: 16900906a98712c9660b9823af1f2500 -> 63ec564c588058369499638dd899e05b
  custom:scripting/monoscript/fileName/TMP_ExampleScript_01.cs: 59997facf165601d8c6263ace2a973a5 -> a9d4be556104ff54e7d240529b3e01dc
  custom:video-decoder-ogg-theora: a1e56fd34408186e4bbccfd4996cb3dc -> 
  custom:scripting/monoscript/fileName/TMP_TextEventCheck.cs: 7ee93fce990cec7a5b67b504d0259dce -> 13505d917eab5868c435e0c2986dadfa
  custom:scripting/monoscript/fileName/TMP_TextSelector_B.cs: c0db108de9ffc9b6f619f3d00162b1c2 -> ba2be21a7486d37b1011342977a2e49d
  custom:scripting/monoscript/fileName/Benchmark01.cs: 1fef48c763f4be76a973f061699dd041 -> 2d3e2cd961730ab95f139a49a673bace
  custom:framework-win-MediaFoundation: 216162199b28c13a410421893ffa2e32 -> 
  custom:scripting/monoscript/fileName/NewBehaviourScript.cs: b21687ddb03d73bd9f0c1daecb9714de -> 
  custom:scripting/monoscript/fileName/Benchmark02.cs: 92dcd0c0a469d0c0690d8ca0bfe95e6f -> 5640963252ce70910e726415f869ced6
  custom:scripting/monoscript/fileName/DropdownSample.cs: b4fe7efb027fdd4854f643ad764daa8c -> 0a92251794e5f10400149f96c3c59e5d
  custom:scripting/monoscript/fileName/WarpTextExample.cs: c5431dac938081648a3a3ac553c1029b -> 2663459c266363641981c7d17b698d7f
  custom:CustomObjectIndexerAttribute: 9a22284fe3817be447336de3de66b15e -> 
  custom:scripting/monoscript/fileName/Mouse_Look.cs: bf1d1bba457f2c5fd5904be9fbc47b2f -> 
  custom:container-demuxer-webm: 4f35f7cbe854078d1ac9338744f61a02 -> 
  custom:scripting/monoscript/fileName/ChatController.cs: ff21b89493e3dffcbe018a2cc5a10bae -> 876d5ccae6e345dd5d9450eb0a748f16
  custom:scripting/monoscript/fileName/TextMeshSpawner.cs: c0f20e5855e88374db1098a5acc68df4 -> 76f28e2ddb031571e6ec62b018f65fa8
  custom:scripting/monoscript/fileName/TeleType.cs: c18e16db35615314900dbe198d0144e7 -> 31fa97821c4c70f157ec81d507aa6b62
  custom:scripting/monoscript/fileName/Benchmark04.cs: 86dfb70824307c4cf164687df2489226 -> 32220b148620e52aa81c13a114862bf4
  custom:container-muxer-webm: aa71ff27fc2769a1b78a27578f13a17b -> 
  custom:video-decoder-webm-vp8: 9c59270c3fd7afecdb556c50c9e8de78 -> 
  custom:scripting/monoscript/fileName/TMP_PhoneNumberValidator.cs: b4c1c54136dffeb4e2962027ebaa6b1f -> 7c3049f481e464c6a9a15dee56c3126f
  custom:SearchIndexIgnoredProperties: e643bd26f0fe6173181afceb89e7c659 -> 
  custom:AudioImporter_EditorPlatform: d09bf68614088b80899f8185d706f6e7 -> 
  custom:scripting/monoscript/fileName/EnvMapAnimator.cs: 08e040d459cd881082c0dd5daba5f85c -> 1b4f61c17e4b7283c3ac351aacff9d26
  custom:scripting/monoscript/fileName/ShaderPropAnimator.cs: 88b70bc5bbc15375387323f48f0661cf -> 55ce425812446482e623ff2695c94cb2
  custom:scripting/monoscript/fileName/SimpleScript.cs: dcd92cf7399b0d08e25e4a66ab57e91e -> 454caab0c6c050f29b39d82e1d66d0fa
  custom:scripting/monoscript/fileName/ObjectSpin.cs: b34dd4d17018731600f920d50ca840f7 -> 2b96bb2079dd7fa5108d981627a28e1e
  custom:scripting/monoscript/fileName/CameraController.cs: 8d43c2def3a67efed518259a2232b470 -> 34b6be4e23ce86dc89786916c5983296
  custom:scripting/monoscript/fileName/TMP_TextInfoDebugTool.cs: 7aad42023b6f5112c90650ae13bd6dd8 -> 3f1709cfb2cc628169113a35b5e9be3f
  custom:scripting/monoscript/fileName/TMP_TextSelector_A.cs: 088357b4acdc1e6288d897936d29c8d3 -> 347309a09d56e367b188a6978f75b424
  custom:video-encoder-webm-vp8: eb34c28f22e8b96e1ab97ce403110664 -> 
  custom:audio-decoder-ogg-vorbis: bf7c407c2cedff20999df2af8eb42d56 -> 
  custom:scripting/monoscript/fileName/VertexJitter.cs: 6330f950b41eff6e5970f129864ecd6c -> d27eb5498e48714a66aece98da065133
  custom:scripting/monoscript/fileName/TextConsoleSimulator.cs: f2c8898b26c0cf2b0a1c7d12d99e6769 -> 33fc311abb20b5b0ed8f00e4d86b574e
  custom:scripting/monoscript/fileName/VertexColorCycler.cs: 135fb0ebdaf256193ccc08218c426c64 -> 5f984ca91cf3609293aecc6bc5641572
  custom:scripting/monoscript/fileName/TMP_FrameRateCounter.cs: 8afeb6f0251e063dcfff2bd827f92c62 -> 46f655df8cb483ac5958307137b1585a
  custom:scripting/monoscript/fileName/VertexShakeB.cs: 587e5b2aecc39120c2c9ff69742ce897 -> a6f78c4fcda1a29a1a1c1baefedba9e7
  custom:scripting/monoscript/fileName/TMP_UiFrameRateCounter.cs: 8fa3bcf761bb5076fd90d0361518d59c -> b01021aea19247f14a98ab338907956a
  custom:scripting/monoscript/fileName/TMPro_InstructionOverlay.cs: 194f3617683541355a9c6c8193e87b1c -> b626d2270e6ebd5c4311585c18b58d8d
  custom:scripting/monoscript/fileName/TMP_DigitValidator.cs: 4e5cde653ae28b90ab257e866c94dfce -> ac02af96215ae3951a3cce9e1a8c6085
  custom:audio-encoder-webm-vorbis: bf7c407c2cedff20999df2af8eb42d56 -> 
  custom:scripting/monoscript/fileName/Benchmark01_UGUI.cs: 52a24b07fcdd062ef495404efdb65870 -> 6148cfe2627b7708298f301788144139
  custom:scripting/monoscript/fileName/Benchmark03.cs: 520976d641c2b7cf395e30b045f5a45d -> 17cc87e0529ac71d909a946afb47a274
========================================================================
Received Prepare
Script is not up to date after domain reload: guid(0939ef1fe67b3477e8058638b5924ab5) path("Assets/UnityTechnologies/ParticlePack/Shared/Ramps/Editor/RampAssetEditor.cs") state(2)
Script is not up to date after domain reload: guid(9dda47b72d39443fcbaff0fcbb5f1bd4) path("Assets/UnityTechnologies/ParticlePack/Shared/Scripts/ProximityActivate.cs") state(2)
Script is not up to date after domain reload: guid(366060de70f6d41d688e416621057bb3) path("Assets/UnityTechnologies/ParticlePack/Shared/Ramps/Runtime/RampAsset.cs") state(2)
Script is not up to date after domain reload: guid(476cc7d7cd9874016adc216baab94a0a) path("Assets/UnityTechnologies/ParticlePack/TutorialInfo/Scripts/Editor/ReadmeEditor.cs") state(2)
Script is not up to date after domain reload: guid(390f972b3a1e62341ad150cbe29782f3) path("Assets/UnityTechnologies/ParticlePack/Shared/Scripts/SimpleCameraController.cs") state(2)
Script is not up to date after domain reload: guid(b388589949f9448aca1903107a88cb42) path("Assets/UnityTechnologies/ParticlePack/Shared/Scripts/SimpleCharacterMotor.cs") state(2)
Script is not up to date after domain reload: guid(fcf7219bab7fe46a1ad266029b2fee19) path("Assets/UnityTechnologies/ParticlePack/TutorialInfo/Scripts/Readme.cs") state(2)
Script is not up to date after domain reload: guid(57a9bba4c7c6adc40805917ce487896a) path("Assets/UnityTechnologies/ParticlePack/Shared/Scripts/AdjustTimeScale.cs") state(2)
Script is not up to date after domain reload: guid(585901dad4c09564db67dc1e08787f0e) path("Assets/UnityTechnologies/ParticlePack/EffectExamples/Misc Effects/Scripts/SpawnEffect.cs") state(2)
Begin MonoManager ReloadAssembly
- Loaded All Assemblies, in  0.649 seconds
Refreshing native plugins compatible for Editor in 1.39 ms, found 3 plugins.
Native extension for WindowsStandalone target not found
Native extension for WebGL target not found
[Package Manager] Server::EnsureServerProcessIsRunning -- launch failed, reason: Unity was launched with the -noUpm command-line argument
[Package Manager] UpmClient::Send -- Unable to send message (not connected to UPM process).
[Package Manager] Cannot connect to Unity Package Manager local server
[ScriptCompilation] NOT recompiling all scripts because this is an import worker process. Reason to compile was: Define symbols changed
Mono: successfully reloaded assembly
- Finished resetting the current domain, in 14.647 seconds
Domain Reload Profiling: 15295ms
	BeginReloadAssembly (169ms)
		ExecutionOrderSort (0ms)
		DisableScriptedObjects (6ms)
		BackupInstance (0ms)
		ReleaseScriptingObjects (0ms)
		CreateAndSetChildDomain (44ms)
	RebuildCommonClasses (43ms)
	RebuildNativeTypeToScriptingClass (16ms)
	initialDomainReloadingComplete (26ms)
	LoadAllAssembliesAndSetupDomain (393ms)
		LoadAssemblies (393ms)
		RebuildTransferFunctionScriptingTraits (0ms)
		AnalyzeDomain (84ms)
			TypeCache.Refresh (66ms)
				TypeCache.ScanAssembly (58ms)
			ScanForSourceGeneratedMonoScriptInfo (12ms)
			ResolveRequiredComponents (5ms)
	FinalizeReload (14648ms)
		ReleaseScriptCaches (0ms)
		RebuildScriptCaches (0ms)
		SetupLoadedEditorAssemblies (366ms)
			LogAssemblyErrors (0ms)
			InitializePlatformSupportModulesInManaged (5ms)
			SetLoadedEditorAssemblies (4ms)
			RefreshPlugins (0ms)
			BeforeProcessingInitializeOnLoad (53ms)
			ProcessInitializeOnLoadAttributes (279ms)
			ProcessInitializeOnLoadMethodAttributes (19ms)
			AfterProcessingInitializeOnLoad (5ms)
			EditorAssembliesLoaded (0ms)
		ExecutionOrderSort2 (0ms)
		AwakeInstancesAfterBackupRestoration (6ms)
Script is not up to date after domain reload: guid(0939ef1fe67b3477e8058638b5924ab5) path("Assets/UnityTechnologies/ParticlePack/Shared/Ramps/Editor/RampAssetEditor.cs") state(2)
Script is not up to date after domain reload: guid(9dda47b72d39443fcbaff0fcbb5f1bd4) path("Assets/UnityTechnologies/ParticlePack/Shared/Scripts/ProximityActivate.cs") state(2)
Script is not up to date after domain reload: guid(366060de70f6d41d688e416621057bb3) path("Assets/UnityTechnologies/ParticlePack/Shared/Ramps/Runtime/RampAsset.cs") state(2)
Script is not up to date after domain reload: guid(476cc7d7cd9874016adc216baab94a0a) path("Assets/UnityTechnologies/ParticlePack/TutorialInfo/Scripts/Editor/ReadmeEditor.cs") state(2)
Script is not up to date after domain reload: guid(390f972b3a1e62341ad150cbe29782f3) path("Assets/UnityTechnologies/ParticlePack/Shared/Scripts/SimpleCameraController.cs") state(2)
Script is not up to date after domain reload: guid(b388589949f9448aca1903107a88cb42) path("Assets/UnityTechnologies/ParticlePack/Shared/Scripts/SimpleCharacterMotor.cs") state(2)
Script is not up to date after domain reload: guid(fcf7219bab7fe46a1ad266029b2fee19) path("Assets/UnityTechnologies/ParticlePack/TutorialInfo/Scripts/Readme.cs") state(2)
Script is not up to date after domain reload: guid(57a9bba4c7c6adc40805917ce487896a) path("Assets/UnityTechnologies/ParticlePack/Shared/Scripts/AdjustTimeScale.cs") state(2)
Script is not up to date after domain reload: guid(585901dad4c09564db67dc1e08787f0e) path("Assets/UnityTechnologies/ParticlePack/EffectExamples/Misc Effects/Scripts/SpawnEffect.cs") state(2)
Refreshing native plugins compatible for Editor in 152.17 ms, found 3 plugins.
Preloading 0 native plugins for Editor in 0.00 ms.
Unloading 3310 Unused Serialized files (Serialized files now loaded: 0)
Unloading 63 unused Assets / (4.0 MB). Loaded Objects now: 3773.
Memory consumption went from 146.5 MB to 142.6 MB.
Total: 3.440900 ms (FindLiveObjects: 0.268400 ms CreateObjectMapping: 0.092400 ms MarkObjects: 2.049700 ms  DeleteObjects: 1.029800 ms)

Prepare: number of updated asset objects reloaded= 0
AssetImportParameters requested are different than current active one (requested -> active):
  custom:scripting/monoscript/fileName/SkewTextExample.cs: f96859e31fd6dde308d9dc2a2488dcff -> c142d02d70a129e0533975f7c2f96956
  custom:container-demuxer-ogg: 62fdf1f143b41e24485cea50d1cbac27 -> 
  custom:scripting/monoscript/fileName/TMP_TextEventHandler.cs: d0f86a17d6fd3e9995db934eaaf34f18 -> f5cd9d5a43bfefc8f4fec80e6de896a4
  custom:scripting/monoscript/fileName/TextMeshProFloatingText.cs: 5a37842f75734e7729f89af9a8145a1a -> 92608fa4a6315cd0786d82205e77b697
  custom:scripting/monoscript/fileName/VertexZoom.cs: 2da4737d79388c0362c64482e9ee50d2 -> 650ab1e81d40126e3edcf737cce646e4
  custom:video-codec-MediaFoundation-h265: 746d11721c4dcdbdad8f713fa42b33f4 -> 
  custom:scripting/monoscript/fileName/VertexShakeA.cs: 16900906a98712c9660b9823af1f2500 -> 63ec564c588058369499638dd899e05b
  custom:scripting/monoscript/fileName/TMP_ExampleScript_01.cs: 59997facf165601d8c6263ace2a973a5 -> a9d4be556104ff54e7d240529b3e01dc
  custom:video-decoder-ogg-theora: a1e56fd34408186e4bbccfd4996cb3dc -> 
  custom:scripting/monoscript/fileName/TMP_TextEventCheck.cs: 7ee93fce990cec7a5b67b504d0259dce -> 13505d917eab5868c435e0c2986dadfa
  custom:scripting/monoscript/fileName/TMP_TextSelector_B.cs: c0db108de9ffc9b6f619f3d00162b1c2 -> ba2be21a7486d37b1011342977a2e49d
  custom:scripting/monoscript/fileName/Benchmark01.cs: 1fef48c763f4be76a973f061699dd041 -> 2d3e2cd961730ab95f139a49a673bace
  custom:framework-win-MediaFoundation: 216162199b28c13a410421893ffa2e32 -> 
  custom:scripting/monoscript/fileName/NewBehaviourScript.cs: b21687ddb03d73bd9f0c1daecb9714de -> 
  custom:scripting/monoscript/fileName/Benchmark02.cs: 92dcd0c0a469d0c0690d8ca0bfe95e6f -> 5640963252ce70910e726415f869ced6
  custom:scripting/monoscript/fileName/DropdownSample.cs: b4fe7efb027fdd4854f643ad764daa8c -> 0a92251794e5f10400149f96c3c59e5d
  custom:scripting/monoscript/fileName/WarpTextExample.cs: c5431dac938081648a3a3ac553c1029b -> 2663459c266363641981c7d17b698d7f
  custom:CustomObjectIndexerAttribute: 9a22284fe3817be447336de3de66b15e -> 
  custom:scripting/monoscript/fileName/Mouse_Look.cs: bf1d1bba457f2c5fd5904be9fbc47b2f -> 
  custom:container-demuxer-webm: 4f35f7cbe854078d1ac9338744f61a02 -> 
  custom:scripting/monoscript/fileName/ChatController.cs: ff21b89493e3dffcbe018a2cc5a10bae -> 876d5ccae6e345dd5d9450eb0a748f16
  custom:scripting/monoscript/fileName/TextMeshSpawner.cs: c0f20e5855e88374db1098a5acc68df4 -> 76f28e2ddb031571e6ec62b018f65fa8
  custom:scripting/monoscript/fileName/TeleType.cs: c18e16db35615314900dbe198d0144e7 -> 31fa97821c4c70f157ec81d507aa6b62
  custom:scripting/monoscript/fileName/Benchmark04.cs: 86dfb70824307c4cf164687df2489226 -> 32220b148620e52aa81c13a114862bf4
  custom:container-muxer-webm: aa71ff27fc2769a1b78a27578f13a17b -> 
  custom:video-decoder-webm-vp8: 9c59270c3fd7afecdb556c50c9e8de78 -> 
  custom:scripting/monoscript/fileName/TMP_PhoneNumberValidator.cs: b4c1c54136dffeb4e2962027ebaa6b1f -> 7c3049f481e464c6a9a15dee56c3126f
  custom:SearchIndexIgnoredProperties: e643bd26f0fe6173181afceb89e7c659 -> 
  custom:AudioImporter_EditorPlatform: d09bf68614088b80899f8185d706f6e7 -> 
  custom:scripting/monoscript/fileName/EnvMapAnimator.cs: 08e040d459cd881082c0dd5daba5f85c -> 1b4f61c17e4b7283c3ac351aacff9d26
  custom:scripting/monoscript/fileName/ShaderPropAnimator.cs: 88b70bc5bbc15375387323f48f0661cf -> 55ce425812446482e623ff2695c94cb2
  custom:scripting/monoscript/fileName/SimpleScript.cs: dcd92cf7399b0d08e25e4a66ab57e91e -> 454caab0c6c050f29b39d82e1d66d0fa
  custom:scripting/monoscript/fileName/ObjectSpin.cs: b34dd4d17018731600f920d50ca840f7 -> 2b96bb2079dd7fa5108d981627a28e1e
  custom:scripting/monoscript/fileName/CameraController.cs: 8d43c2def3a67efed518259a2232b470 -> 34b6be4e23ce86dc89786916c5983296
  custom:scripting/monoscript/fileName/TMP_TextInfoDebugTool.cs: 7aad42023b6f5112c90650ae13bd6dd8 -> 3f1709cfb2cc628169113a35b5e9be3f
  custom:scripting/monoscript/fileName/TMP_TextSelector_A.cs: 088357b4acdc1e6288d897936d29c8d3 -> 347309a09d56e367b188a6978f75b424
  custom:video-encoder-webm-vp8: eb34c28f22e8b96e1ab97ce403110664 -> 
  custom:audio-decoder-ogg-vorbis: bf7c407c2cedff20999df2af8eb42d56 -> 
  custom:scripting/monoscript/fileName/VertexJitter.cs: 6330f950b41eff6e5970f129864ecd6c -> d27eb5498e48714a66aece98da065133
  custom:scripting/monoscript/fileName/TextConsoleSimulator.cs: f2c8898b26c0cf2b0a1c7d12d99e6769 -> 33fc311abb20b5b0ed8f00e4d86b574e
  custom:scripting/monoscript/fileName/VertexColorCycler.cs: 135fb0ebdaf256193ccc08218c426c64 -> 5f984ca91cf3609293aecc6bc5641572
  custom:scripting/monoscript/fileName/TMP_FrameRateCounter.cs: 8afeb6f0251e063dcfff2bd827f92c62 -> 46f655df8cb483ac5958307137b1585a
  custom:scripting/monoscript/fileName/VertexShakeB.cs: 587e5b2aecc39120c2c9ff69742ce897 -> a6f78c4fcda1a29a1a1c1baefedba9e7
  custom:scripting/monoscript/fileName/TMP_UiFrameRateCounter.cs: 8fa3bcf761bb5076fd90d0361518d59c -> b01021aea19247f14a98ab338907956a
  custom:scripting/monoscript/fileName/TMPro_InstructionOverlay.cs: 194f3617683541355a9c6c8193e87b1c -> b626d2270e6ebd5c4311585c18b58d8d
  custom:scripting/monoscript/fileName/TMP_DigitValidator.cs: 4e5cde653ae28b90ab257e866c94dfce -> ac02af96215ae3951a3cce9e1a8c6085
  custom:audio-encoder-webm-vorbis: bf7c407c2cedff20999df2af8eb42d56 -> 
  custom:scripting/monoscript/fileName/Benchmark01_UGUI.cs: 52a24b07fcdd062ef495404efdb65870 -> 6148cfe2627b7708298f301788144139
  custom:scripting/precompiled-assembly-types:Assembly-CSharp: 9997d7656d51a39a88ebae68a354f18d -> 60f909f0ced98ca7db499f02ba5948c2
  custom:scripting/monoscript/fileName/Benchmark03.cs: 520976d641c2b7cf395e30b045f5a45d -> 17cc87e0529ac71d909a946afb47a274
  custom:scripting/monoscript/fileName/SimpleCharacterMotor.cs:  -> 514f472b55934d7c0c16364cba2bfeec
  custom:scripting/monoscript/fileName/AdjustTimeScale.cs:  -> 971e5da4fb9cdb787679da2cfc0c80de
  custom:scripting/monoscript/fileName/Readme.cs:  -> 5aedf578fb2663036982fb7b05aaf325
  custom:scripting/monoscript/fileName/ReadmeEditor.cs:  -> ff7ced1e41c1b99ddf5dfefc88f6bd50
  custom:scripting/monoscript/fileName/SpawnEffect.cs:  -> 0e822330997e7abc04ce8b8a88e6ec31
  custom:scripting/monoscript/fileName/RampAsset.cs:  -> d227c3205eb189589865f5198ddf7d73
  custom:scripting/monoscript/fileName/RampAssetEditor.cs:  -> 6c98fd78aa2d9c75ceb103bf4d7e19b2
  custom:scripting/precompiled-assembly-types:Assembly-CSharp-Editor:  -> 030186b03f8309bfc062e8e99f392822
  custom:scripting/monoscript/fileName/SimpleCameraController.cs:  -> 639b45e76fa5fda920a92b90c69d9e74
  custom:scripting/monoscript/fileName/ProximityActivate.cs:  -> c1cadad611425c640b0cbb6805a47665
========================================================================
Received Prepare
Begin MonoManager ReloadAssembly
- Loaded All Assemblies, in  1.452 seconds
Refreshing native plugins compatible for Editor in 1.52 ms, found 3 plugins.
Native extension for WindowsStandalone target not found
Native extension for WebGL target not found
[Package Manager] Server::EnsureServerProcessIsRunning -- launch failed, reason: Unity was launched with the -noUpm command-line argument
[Package Manager] UpmClient::Send -- Unable to send message (not connected to UPM process).
[Package Manager] Cannot connect to Unity Package Manager local server
[ScriptCompilation] NOT recompiling all scripts because this is an import worker process. Reason to compile was: Define symbols changed
Mono: successfully reloaded assembly
- Finished resetting the current domain, in  6.958 seconds
Domain Reload Profiling: 8409ms
	BeginReloadAssembly (152ms)
		ExecutionOrderSort (0ms)
		DisableScriptedObjects (5ms)
		BackupInstance (0ms)
		ReleaseScriptingObjects (0ms)
		CreateAndSetChildDomain (27ms)
	RebuildCommonClasses (32ms)
	RebuildNativeTypeToScriptingClass (11ms)
	initialDomainReloadingComplete (29ms)
	LoadAllAssembliesAndSetupDomain (1227ms)
		LoadAssemblies (1309ms)
		RebuildTransferFunctionScriptingTraits (0ms)
		AnalyzeDomain (12ms)
			TypeCache.Refresh (5ms)
				TypeCache.ScanAssembly (0ms)
			ScanForSourceGeneratedMonoScriptInfo (0ms)
			ResolveRequiredComponents (6ms)
	FinalizeReload (6958ms)
		ReleaseScriptCaches (0ms)
		RebuildScriptCaches (0ms)
		SetupLoadedEditorAssemblies (334ms)
			LogAssemblyErrors (0ms)
			InitializePlatformSupportModulesInManaged (6ms)
			SetLoadedEditorAssemblies (4ms)
			RefreshPlugins (0ms)
			BeforeProcessingInitializeOnLoad (50ms)
			ProcessInitializeOnLoadAttributes (251ms)
			ProcessInitializeOnLoadMethodAttributes (18ms)
			AfterProcessingInitializeOnLoad (5ms)
			EditorAssembliesLoaded (0ms)
		ExecutionOrderSort2 (0ms)
		AwakeInstancesAfterBackupRestoration (5ms)
Refreshing native plugins compatible for Editor in 1.40 ms, found 3 plugins.
Preloading 0 native plugins for Editor in 0.00 ms.
Unloading 3323 Unused Serialized files (Serialized files now loaded: 0)
Unloading 67 unused Assets / (5.2 MB). Loaded Objects now: 3785.
Memory consumption went from 148.9 MB to 143.7 MB.
Total: 3.884500 ms (FindLiveObjects: 0.291100 ms CreateObjectMapping: 0.099500 ms MarkObjects: 2.094400 ms  DeleteObjects: 1.398300 ms)

Prepare: number of updated asset objects reloaded= 0
AssetImportParameters requested are different than current active one (requested -> active):
  custom:scripting/monoscript/fileName/SkewTextExample.cs: f96859e31fd6dde308d9dc2a2488dcff -> c142d02d70a129e0533975f7c2f96956
  custom:container-demuxer-ogg: 62fdf1f143b41e24485cea50d1cbac27 -> 
  custom:scripting/monoscript/fileName/TMP_TextEventHandler.cs: d0f86a17d6fd3e9995db934eaaf34f18 -> f5cd9d5a43bfefc8f4fec80e6de896a4
  custom:scripting/monoscript/fileName/TextMeshProFloatingText.cs: 5a37842f75734e7729f89af9a8145a1a -> 92608fa4a6315cd0786d82205e77b697
  custom:scripting/monoscript/fileName/VertexZoom.cs: 2da4737d79388c0362c64482e9ee50d2 -> 650ab1e81d40126e3edcf737cce646e4
  custom:video-codec-MediaFoundation-h265: 746d11721c4dcdbdad8f713fa42b33f4 -> 
  custom:scripting/monoscript/fileName/VertexShakeA.cs: 16900906a98712c9660b9823af1f2500 -> 63ec564c588058369499638dd899e05b
  custom:scripting/monoscript/fileName/TMP_ExampleScript_01.cs: 59997facf165601d8c6263ace2a973a5 -> a9d4be556104ff54e7d240529b3e01dc
  custom:video-decoder-ogg-theora: a1e56fd34408186e4bbccfd4996cb3dc -> 
  custom:scripting/monoscript/fileName/TMP_TextEventCheck.cs: 7ee93fce990cec7a5b67b504d0259dce -> 13505d917eab5868c435e0c2986dadfa
  custom:scripting/monoscript/fileName/TMP_TextSelector_B.cs: c0db108de9ffc9b6f619f3d00162b1c2 -> ba2be21a7486d37b1011342977a2e49d
  custom:scripting/monoscript/fileName/Benchmark01.cs: 1fef48c763f4be76a973f061699dd041 -> 2d3e2cd961730ab95f139a49a673bace
  custom:framework-win-MediaFoundation: 216162199b28c13a410421893ffa2e32 -> 
  custom:scripting/monoscript/fileName/NewBehaviourScript.cs: b21687ddb03d73bd9f0c1daecb9714de -> 
  custom:scripting/monoscript/fileName/Benchmark02.cs: 92dcd0c0a469d0c0690d8ca0bfe95e6f -> 5640963252ce70910e726415f869ced6
  custom:scripting/monoscript/fileName/DropdownSample.cs: b4fe7efb027fdd4854f643ad764daa8c -> 0a92251794e5f10400149f96c3c59e5d
  custom:scripting/monoscript/fileName/WarpTextExample.cs: c5431dac938081648a3a3ac553c1029b -> 2663459c266363641981c7d17b698d7f
  custom:CustomObjectIndexerAttribute: 9a22284fe3817be447336de3de66b15e -> 
  custom:scripting/monoscript/fileName/Mouse_Look.cs: bf1d1bba457f2c5fd5904be9fbc47b2f -> 
  custom:container-demuxer-webm: 4f35f7cbe854078d1ac9338744f61a02 -> 
  custom:scripting/monoscript/fileName/ChatController.cs: ff21b89493e3dffcbe018a2cc5a10bae -> 876d5ccae6e345dd5d9450eb0a748f16
  custom:scripting/monoscript/fileName/TextMeshSpawner.cs: c0f20e5855e88374db1098a5acc68df4 -> 76f28e2ddb031571e6ec62b018f65fa8
  custom:scripting/monoscript/fileName/TeleType.cs: c18e16db35615314900dbe198d0144e7 -> 31fa97821c4c70f157ec81d507aa6b62
  custom:scripting/monoscript/fileName/Benchmark04.cs: 86dfb70824307c4cf164687df2489226 -> 32220b148620e52aa81c13a114862bf4
  custom:container-muxer-webm: aa71ff27fc2769a1b78a27578f13a17b -> 
  custom:video-decoder-webm-vp8: 9c59270c3fd7afecdb556c50c9e8de78 -> 
  custom:scripting/monoscript/fileName/TMP_PhoneNumberValidator.cs: b4c1c54136dffeb4e2962027ebaa6b1f -> 7c3049f481e464c6a9a15dee56c3126f
  custom:SearchIndexIgnoredProperties: e643bd26f0fe6173181afceb89e7c659 -> 
  custom:AudioImporter_EditorPlatform: d09bf68614088b80899f8185d706f6e7 -> 
  custom:scripting/monoscript/fileName/EnvMapAnimator.cs: 08e040d459cd881082c0dd5daba5f85c -> 1b4f61c17e4b7283c3ac351aacff9d26
  custom:scripting/monoscript/fileName/ShaderPropAnimator.cs: 88b70bc5bbc15375387323f48f0661cf -> 55ce425812446482e623ff2695c94cb2
  custom:scripting/monoscript/fileName/SimpleScript.cs: dcd92cf7399b0d08e25e4a66ab57e91e -> 454caab0c6c050f29b39d82e1d66d0fa
  custom:scripting/monoscript/fileName/ObjectSpin.cs: b34dd4d17018731600f920d50ca840f7 -> 2b96bb2079dd7fa5108d981627a28e1e
  custom:scripting/monoscript/fileName/CameraController.cs: 8d43c2def3a67efed518259a2232b470 -> 34b6be4e23ce86dc89786916c5983296
  custom:scripting/monoscript/fileName/TMP_TextInfoDebugTool.cs: 7aad42023b6f5112c90650ae13bd6dd8 -> 3f1709cfb2cc628169113a35b5e9be3f
  custom:scripting/monoscript/fileName/TMP_TextSelector_A.cs: 088357b4acdc1e6288d897936d29c8d3 -> 347309a09d56e367b188a6978f75b424
  custom:video-encoder-webm-vp8: eb34c28f22e8b96e1ab97ce403110664 -> 
  custom:audio-decoder-ogg-vorbis: bf7c407c2cedff20999df2af8eb42d56 -> 
  custom:scripting/monoscript/fileName/VertexJitter.cs: 6330f950b41eff6e5970f129864ecd6c -> d27eb5498e48714a66aece98da065133
  custom:scripting/monoscript/fileName/TextConsoleSimulator.cs: f2c8898b26c0cf2b0a1c7d12d99e6769 -> 33fc311abb20b5b0ed8f00e4d86b574e
  custom:scripting/monoscript/fileName/VertexColorCycler.cs: 135fb0ebdaf256193ccc08218c426c64 -> 5f984ca91cf3609293aecc6bc5641572
  custom:scripting/monoscript/fileName/TMP_FrameRateCounter.cs: 8afeb6f0251e063dcfff2bd827f92c62 -> 46f655df8cb483ac5958307137b1585a
  custom:scripting/monoscript/fileName/VertexShakeB.cs: 587e5b2aecc39120c2c9ff69742ce897 -> a6f78c4fcda1a29a1a1c1baefedba9e7
  custom:scripting/monoscript/fileName/TMP_UiFrameRateCounter.cs: 8fa3bcf761bb5076fd90d0361518d59c -> b01021aea19247f14a98ab338907956a
  custom:scripting/monoscript/fileName/TMPro_InstructionOverlay.cs: 194f3617683541355a9c6c8193e87b1c -> b626d2270e6ebd5c4311585c18b58d8d
  custom:scripting/monoscript/fileName/TMP_DigitValidator.cs: 4e5cde653ae28b90ab257e866c94dfce -> ac02af96215ae3951a3cce9e1a8c6085
  custom:audio-encoder-webm-vorbis: bf7c407c2cedff20999df2af8eb42d56 -> 
  custom:scripting/monoscript/fileName/Benchmark01_UGUI.cs: 52a24b07fcdd062ef495404efdb65870 -> 6148cfe2627b7708298f301788144139
  custom:scripting/monoscript/fileName/Benchmark03.cs: 520976d641c2b7cf395e30b045f5a45d -> 17cc87e0529ac71d909a946afb47a274
========================================================================
Received Import Request.
  Time since last request: 43352.724488 seconds.
  path: Assets/UnityTechnologies/ParticlePack/EffectExamples/Weapon Effects/Materials/BulletDecalSand.mat
  artifactKey: Guid(0a35d64bb8fd24f47b8bf3802f71313b) Importer(815301076,1909f56bfc062723c751e8b465ee728b)
Start importing Assets/UnityTechnologies/ParticlePack/EffectExamples/Weapon Effects/Materials/BulletDecalSand.mat using Guid(0a35d64bb8fd24f47b8bf3802f71313b) Importer(815301076,1909f56bfc062723c751e8b465ee728b) [PhysX] Initialized MultithreadedTaskDispatcher with 12 workers.
[PhysX] Initialized MultithreadedTaskDispatcher with 12 workers.
 -> (artifact id: 'e8ae676adce285f406d2fb3f91bbfb34') in 5.420214 seconds
Number of updated asset objects reloaded before import = 0
Number of asset objects unloaded after import = 4
========================================================================
Received Import Request.
  Time since last request: 0.000018 seconds.
  path: Assets/UnityTechnologies/ParticlePack/EffectExamples/Misc Effects/Materials/CandleFlame.mat
  artifactKey: Guid(d960d897cdc819041a73dceb80befb85) Importer(815301076,1909f56bfc062723c751e8b465ee728b)
Start importing Assets/UnityTechnologies/ParticlePack/EffectExamples/Misc Effects/Materials/CandleFlame.mat using Guid(d960d897cdc819041a73dceb80befb85) Importer(815301076,1909f56bfc062723c751e8b465ee728b) [PhysX] Initialized MultithreadedTaskDispatcher with 12 workers.
[PhysX] Initialized MultithreadedTaskDispatcher with 12 workers.
 -> (artifact id: 'f352e8b49e6077c0d290f4db3f73fa78') in 0.199651 seconds
Number of updated asset objects reloaded before import = 0
Number of asset objects unloaded after import = 2
========================================================================
Received Import Request.
  Time since last request: 0.000022 seconds.
  path: Assets/UnityTechnologies/ParticlePack/EffectExamples/Misc Effects/Materials/candle.mat
  artifactKey: Guid(475822f8482d0fd4d861c763d1f3934c) Importer(815301076,1909f56bfc062723c751e8b465ee728b)
Start importing Assets/UnityTechnologies/ParticlePack/EffectExamples/Misc Effects/Materials/candle.mat using Guid(475822f8482d0fd4d861c763d1f3934c) Importer(815301076,1909f56bfc062723c751e8b465ee728b) [PhysX] Initialized MultithreadedTaskDispatcher with 12 workers.
[PhysX] Initialized MultithreadedTaskDispatcher with 12 workers.
 -> (artifact id: '5d2566276370ae886a8b73688ac9dcd3') in 0.040467 seconds
Number of updated asset objects reloaded before import = 0
Number of asset objects unloaded after import = 1
========================================================================
Received Import Request.
  Time since last request: 4.486249 seconds.
  path: Assets/Imported/TextMesh Pro/Examples & Extras/Materials/Crate - Surface Shader Scene.mat
  artifactKey: Guid(e6b9b44320f4448d9d5e0ee634259966) Importer(815301076,1909f56bfc062723c751e8b465ee728b)
Start importing Assets/Imported/TextMesh Pro/Examples & Extras/Materials/Crate - Surface Shader Scene.mat using Guid(e6b9b44320f4448d9d5e0ee634259966) Importer(815301076,1909f56bfc062723c751e8b465ee728b) [PhysX] Initialized MultithreadedTaskDispatcher with 12 workers.
[PhysX] Initialized MultithreadedTaskDispatcher with 12 workers.
 -> (artifact id: '11d2005cbcb4466a32db142c807ba4b2') in 0.499889 seconds
Number of updated asset objects reloaded before import = 0
Number of asset objects unloaded after import = 3
========================================================================
Received Import Request.
  Time since last request: 0.000016 seconds.
  path: Assets/UnityTechnologies/ParticlePack/EffectExamples/Fire & Explosion Effects/Materials/DebrisParticle.mat
  artifactKey: Guid(72815344e9e9c7446895e130936932d7) Importer(815301076,1909f56bfc062723c751e8b465ee728b)
Start importing Assets/UnityTechnologies/ParticlePack/EffectExamples/Fire & Explosion Effects/Materials/DebrisParticle.mat using Guid(72815344e9e9c7446895e130936932d7) Importer(815301076,1909f56bfc062723c751e8b465ee728b) [PhysX] Initialized MultithreadedTaskDispatcher with 12 workers.
[PhysX] Initialized MultithreadedTaskDispatcher with 12 workers.
 -> (artifact id: '2b50a03cfee726a7ea32c3d9e262751b') in 3.485858 seconds
Number of updated asset objects reloaded before import = 0
Number of asset objects unloaded after import = 2
========================================================================
Received Import Request.
  Time since last request: 0.000025 seconds.
  path: Assets/UnityTechnologies/ParticlePack/EffectExamples/Misc Effects/Materials/DustMote.mat
  artifactKey: Guid(e27a3e2f84809914fa5bf3a7ac14ce9f) Importer(815301076,1909f56bfc062723c751e8b465ee728b)
Start importing Assets/UnityTechnologies/ParticlePack/EffectExamples/Misc Effects/Materials/DustMote.mat using Guid(e27a3e2f84809914fa5bf3a7ac14ce9f) Importer(815301076,1909f56bfc062723c751e8b465ee728b) [PhysX] Initialized MultithreadedTaskDispatcher with 12 workers.
[PhysX] Initialized MultithreadedTaskDispatcher with 12 workers.
 -> (artifact id: 'c1ff77529fe3fc9972522d188f2461ba') in 0.186291 seconds
Number of updated asset objects reloaded before import = 0
Number of asset objects unloaded after import = 2
========================================================================
Received Import Request.
  Time since last request: 0.000022 seconds.
  path: Assets/UnityTechnologies/ParticlePack/EffectExamples/Smoke & Steam Effects/Materials/Dust.mat
  artifactKey: Guid(0227585ad08c3da4ab3286a2f78d42f5) Importer(815301076,1909f56bfc062723c751e8b465ee728b)
Start importing Assets/UnityTechnologies/ParticlePack/EffectExamples/Smoke & Steam Effects/Materials/Dust.mat using Guid(0227585ad08c3da4ab3286a2f78d42f5) Importer(815301076,1909f56bfc062723c751e8b465ee728b) [PhysX] Initialized MultithreadedTaskDispatcher with 12 workers.
[PhysX] Initialized MultithreadedTaskDispatcher with 12 workers.
 -> (artifact id: '49f26f50d2a6cdd135b16feb3b63e074') in 3.567799 seconds
Number of updated asset objects reloaded before import = 0
Number of asset objects unloaded after import = 2
========================================================================
Received Import Request.
  Time since last request: 0.000025 seconds.
  path: Assets/UnityTechnologies/ParticlePack/EffectExamples/Weapon Effects/Materials/DustPuffParticle.mat
  artifactKey: Guid(1402721190994cd46b64bf7cba78f5d8) Importer(815301076,1909f56bfc062723c751e8b465ee728b)
Start importing Assets/UnityTechnologies/ParticlePack/EffectExamples/Weapon Effects/Materials/DustPuffParticle.mat using Guid(1402721190994cd46b64bf7cba78f5d8) Importer(815301076,1909f56bfc062723c751e8b465ee728b) [PhysX] Initialized MultithreadedTaskDispatcher with 12 workers.
[PhysX] Initialized MultithreadedTaskDispatcher with 12 workers.
 -> (artifact id: '8cde75d9b03e3e84e0ab90db79d5bef3') in 3.429609 seconds
Number of updated asset objects reloaded before import = 0
Number of asset objects unloaded after import = 2
========================================================================
Received Import Request.
  Time since last request: 4.374291 seconds.
  path: Assets/Imported/TextMesh Pro/Examples & Extras/Resources/Fonts & Materials/Electronic Highway Sign SDF.asset
  artifactKey: Guid(dc36b3fdc14f47ebb36fd484a67e268a) Importer(815301076,1909f56bfc062723c751e8b465ee728b)
Start importing Assets/Imported/TextMesh Pro/Examples & Extras/Resources/Fonts & Materials/Electronic Highway Sign SDF.asset using Guid(dc36b3fdc14f47ebb36fd484a67e268a) Importer(815301076,1909f56bfc062723c751e8b465ee728b) [PhysX] Initialized MultithreadedTaskDispatcher with 12 workers.
[PhysX] Initialized MultithreadedTaskDispatcher with 12 workers.
[PhysX] Initialized MultithreadedTaskDispatcher with 12 workers.
 -> (artifact id: 'e9c9adcc8d3a723978383140a2f29a55') in 0.063990 seconds
Number of updated asset objects reloaded before import = 0
Number of asset objects unloaded after import = 6
========================================================================
Received Import Request.
  Time since last request: 0.000022 seconds.
  path: Assets/UnityTechnologies/ParticlePack/EffectExamples/Fire & Explosion Effects/Materials/Embers.mat
  artifactKey: Guid(776677ab3818fb249adaca05f4e04545) Importer(815301076,1909f56bfc062723c751e8b465ee728b)
Start importing Assets/UnityTechnologies/ParticlePack/EffectExamples/Fire & Explosion Effects/Materials/Embers.mat using Guid(776677ab3818fb249adaca05f4e04545) Importer(815301076,1909f56bfc062723c751e8b465ee728b) [PhysX] Initialized MultithreadedTaskDispatcher with 12 workers.
[PhysX] Initialized MultithreadedTaskDispatcher with 12 workers.
 -> (artifact id: 'e45f8c6e657bc041ff7d7c38dfb2a225') in 0.004809 seconds
Number of updated asset objects reloaded before import = 0
Number of asset objects unloaded after import = 1
========================================================================
Received Import Request.
  Time since last request: 0.000018 seconds.
  path: Assets/UnityTechnologies/ParticlePack/EffectExamples/Smoke & Steam Effects/Materials/Embers.mat
  artifactKey: Guid(cb54088e4fe82ce44aafb5f3dc12b530) Importer(815301076,1909f56bfc062723c751e8b465ee728b)
Start importing Assets/UnityTechnologies/ParticlePack/EffectExamples/Smoke & Steam Effects/Materials/Embers.mat using Guid(cb54088e4fe82ce44aafb5f3dc12b530) Importer(815301076,1909f56bfc062723c751e8b465ee728b) [PhysX] Initialized MultithreadedTaskDispatcher with 12 workers.
[PhysX] Initialized MultithreadedTaskDispatcher with 12 workers.
 -> (artifact id: 'e8ca2ee09e534676638b616c0e67e30d') in 0.004053 seconds
Number of updated asset objects reloaded before import = 0
Number of asset objects unloaded after import = 1
========================================================================
Received Import Request.
  Time since last request: 0.000018 seconds.
  path: Assets/UnityTechnologies/ParticlePack/EffectExamples/Fire & Explosion Effects/Materials/EnergyExplosion.mat
  artifactKey: Guid(bf88af72084132746823869f28b070f8) Importer(815301076,1909f56bfc062723c751e8b465ee728b)
Start importing Assets/UnityTechnologies/ParticlePack/EffectExamples/Fire & Explosion Effects/Materials/EnergyExplosion.mat using Guid(bf88af72084132746823869f28b070f8) Importer(815301076,1909f56bfc062723c751e8b465ee728b) [PhysX] Initialized MultithreadedTaskDispatcher with 12 workers.
[PhysX] Initialized MultithreadedTaskDispatcher with 12 workers.
 -> (artifact id: 'c29ed6dddb3c658317b0ff169ce0eb25') in 0.323260 seconds
Number of updated asset objects reloaded before import = 0
Number of asset objects unloaded after import = 4
========================================================================
Received Import Request.
  Time since last request: 0.000025 seconds.
  path: Assets/UnityTechnologies/ParticlePack/EffectExamples/Magic Effects/Materials/Embers.mat
  artifactKey: Guid(c5de4a4e91ddb59479cdec033c43cc3b) Importer(815301076,1909f56bfc062723c751e8b465ee728b)
Start importing Assets/UnityTechnologies/ParticlePack/EffectExamples/Magic Effects/Materials/Embers.mat using Guid(c5de4a4e91ddb59479cdec033c43cc3b) Importer(815301076,1909f56bfc062723c751e8b465ee728b) [PhysX] Initialized MultithreadedTaskDispatcher with 12 workers.
[PhysX] Initialized MultithreadedTaskDispatcher with 12 workers.
 -> (artifact id: '07933ae833a201bb61a66b679faa391c') in 0.004573 seconds
Number of updated asset objects reloaded before import = 0
Number of asset objects unloaded after import = 1
========================================================================
Received Import Request.
  Time since last request: 9.731797 seconds.
  path: Assets/UnityTechnologies/ParticlePack/EffectExamples/Fire & Explosion Effects/Materials/Flame03.mat
  artifactKey: Guid(d7f098ed9997e714193be5e86df013f4) Importer(815301076,1909f56bfc062723c751e8b465ee728b)
Start importing Assets/UnityTechnologies/ParticlePack/EffectExamples/Fire & Explosion Effects/Materials/Flame03.mat using Guid(d7f098ed9997e714193be5e86df013f4) Importer(815301076,1909f56bfc062723c751e8b465ee728b) [PhysX] Initialized MultithreadedTaskDispatcher with 12 workers.
[PhysX] Initialized MultithreadedTaskDispatcher with 12 workers.
 -> (artifact id: '56ef331894826e6fade5ae0553639f61') in 0.100231 seconds
Number of updated asset objects reloaded before import = 0
Number of asset objects unloaded after import = 2
========================================================================
Received Import Request.
  Time since last request: 0.257680 seconds.
  path: Assets/Imported/TextMesh Pro/Examples & Extras/Fonts/Electronic Highway Sign.TTF
  artifactKey: Guid(8a2b9e2a607dd2143b58c44bc32410b4) Importer(815301076,1909f56bfc062723c751e8b465ee728b)
Start importing Assets/Imported/TextMesh Pro/Examples & Extras/Fonts/Electronic Highway Sign.TTF using Guid(8a2b9e2a607dd2143b58c44bc32410b4) Importer(815301076,1909f56bfc062723c751e8b465ee728b) [PhysX] Initialized MultithreadedTaskDispatcher with 12 workers.
[PhysX] Initialized MultithreadedTaskDispatcher with 12 workers.
[PhysX] Initialized MultithreadedTaskDispatcher with 12 workers.
 -> (artifact id: '28b1abb479dc1b5bb05b71f644e78c6a') in 0.009730 seconds
Number of updated asset objects reloaded before import = 0
Number of asset objects unloaded after import = 4
========================================================================
Received Import Request.
  Time since last request: 0.046154 seconds.
  path: Assets/Imported/TextMesh Pro/Examples & Extras/Fonts/Roboto-Bold.ttf
  artifactKey: Guid(4beb055f07aaff244873dec698d0363e) Importer(815301076,1909f56bfc062723c751e8b465ee728b)
Start importing Assets/Imported/TextMesh Pro/Examples & Extras/Fonts/Roboto-Bold.ttf using Guid(4beb055f07aaff244873dec698d0363e) Importer(815301076,1909f56bfc062723c751e8b465ee728b) [PhysX] Initialized MultithreadedTaskDispatcher with 12 workers.
[PhysX] Initialized MultithreadedTaskDispatcher with 12 workers.
[PhysX] Initialized MultithreadedTaskDispatcher with 12 workers.
 -> (artifact id: '57b8c636d7fc4dc2f44b1ba9abe3c511') in 0.049730 seconds
Number of updated asset objects reloaded before import = 0
Number of asset objects unloaded after import = 4
========================================================================
Received Import Request.
  Time since last request: 11.786165 seconds.
  path: Assets/UnityTechnologies/ParticlePack/EffectExamples/Weapon Effects/Materials/GoopSplat2.mat
  artifactKey: Guid(fb0f4297b291a034bb4f9a9eada50640) Importer(815301076,1909f56bfc062723c751e8b465ee728b)
Start importing Assets/UnityTechnologies/ParticlePack/EffectExamples/Weapon Effects/Materials/GoopSplat2.mat using Guid(fb0f4297b291a034bb4f9a9eada50640) Importer(815301076,1909f56bfc062723c751e8b465ee728b) [PhysX] Initialized MultithreadedTaskDispatcher with 12 workers.
[PhysX] Initialized MultithreadedTaskDispatcher with 12 workers.
 -> (artifact id: '5ac1db81609233d6d7eb6620ee3028dc') in 1.967289 seconds
Number of updated asset objects reloaded before import = 0
Number of asset objects unloaded after import = 3
========================================================================
Received Import Request.
  Time since last request: 0.000027 seconds.
  path: Assets/UnityTechnologies/ParticlePack/EffectExamples/Magic Effects/Materials/Ice.mat
  artifactKey: Guid(e8a7db8bb30ba7846922a11cebbe1a2f) Importer(815301076,1909f56bfc062723c751e8b465ee728b)
Start importing Assets/UnityTechnologies/ParticlePack/EffectExamples/Magic Effects/Materials/Ice.mat using Guid(e8a7db8bb30ba7846922a11cebbe1a2f) Importer(815301076,1909f56bfc062723c751e8b465ee728b) [PhysX] Initialized MultithreadedTaskDispatcher with 12 workers.
[PhysX] Initialized MultithreadedTaskDispatcher with 12 workers.
 -> (artifact id: 'c77b62446310378f420df69b09279ee0') in 0.449146 seconds
Number of updated asset objects reloaded before import = 0
Number of asset objects unloaded after import = 6
========================================================================
Received Import Request.
  Time since last request: 0.000025 seconds.
  path: Assets/UnityTechnologies/ParticlePack/EffectExamples/Smoke & Steam Effects/Materials/HeatDistortion.mat
  artifactKey: Guid(3c90f41c7ad75cd4db41faa565660d18) Importer(815301076,1909f56bfc062723c751e8b465ee728b)
Start importing Assets/UnityTechnologies/ParticlePack/EffectExamples/Smoke & Steam Effects/Materials/HeatDistortion.mat using Guid(3c90f41c7ad75cd4db41faa565660d18) Importer(815301076,1909f56bfc062723c751e8b465ee728b) [PhysX] Initialized MultithreadedTaskDispatcher with 12 workers.
[PhysX] Initialized MultithreadedTaskDispatcher with 12 workers.
 -> (artifact id: '2f5bde97382bffd47567fdd9f584aa4a') in 0.203463 seconds
Number of updated asset objects reloaded before import = 0
Number of asset objects unloaded after import = 3
========================================================================
Received Import Request.
  Time since last request: 0.000028 seconds.
  path: Assets/UnityTechnologies/ParticlePack/EffectExamples/Smoke & Steam Effects/Materials/GroundFog.mat
  artifactKey: Guid(f96090edaea7c564c80586f4385918fd) Importer(815301076,1909f56bfc062723c751e8b465ee728b)
Start importing Assets/UnityTechnologies/ParticlePack/EffectExamples/Smoke & Steam Effects/Materials/GroundFog.mat using Guid(f96090edaea7c564c80586f4385918fd) Importer(815301076,1909f56bfc062723c751e8b465ee728b) [PhysX] Initialized MultithreadedTaskDispatcher with 12 workers.
[PhysX] Initialized MultithreadedTaskDispatcher with 12 workers.
 -> (artifact id: '88ae5dfe1c231dcfc09d5822ebcdf771') in 0.070721 seconds
Number of updated asset objects reloaded before import = 0
Number of asset objects unloaded after import = 2
========================================================================
Received Import Request.
  Time since last request: 0.000029 seconds.
  path: Assets/Imported/TextMesh Pro/Examples & Extras/Resources/Fonts & Materials/LiberationSans SDF - Metalic Green.mat
  artifactKey: Guid(8b29aaa3eec7468097ff07adfcf29ac9) Importer(815301076,1909f56bfc062723c751e8b465ee728b)
Start importing Assets/Imported/TextMesh Pro/Examples & Extras/Resources/Fonts & Materials/LiberationSans SDF - Metalic Green.mat using Guid(8b29aaa3eec7468097ff07adfcf29ac9) Importer(815301076,1909f56bfc062723c751e8b465ee728b) [PhysX] Initialized MultithreadedTaskDispatcher with 12 workers.
[PhysX] Initialized MultithreadedTaskDispatcher with 12 workers.
 -> (artifact id: '0d3bc298914161587fce0fa10002f6b7') in 0.188745 seconds
Number of updated asset objects reloaded before import = 0
Number of asset objects unloaded after import = 4
========================================================================
Received Import Request.
  Time since last request: 9.455344 seconds.
  path: Assets/UnityTechnologies/ParticlePack/EffectExamples/Weapon Effects/Materials/WaterStreamParticle.mat
  artifactKey: Guid(8ea6ed53aae46fe4e83d154e73aed27e) Importer(815301076,1909f56bfc062723c751e8b465ee728b)
Start importing Assets/UnityTechnologies/ParticlePack/EffectExamples/Weapon Effects/Materials/WaterStreamParticle.mat using Guid(8ea6ed53aae46fe4e83d154e73aed27e) Importer(815301076,1909f56bfc062723c751e8b465ee728b) [PhysX] Initialized MultithreadedTaskDispatcher with 12 workers.
[PhysX] Initialized MultithreadedTaskDispatcher with 12 workers.
 -> (artifact id: 'a4c570b0bd9371245e7adff89a9e324f') in 0.259051 seconds
Number of updated asset objects reloaded before import = 0
Number of asset objects unloaded after import = 2
Editor requested this worker to shutdown with reason: Scaling down because of idle timeout
TcpMessagingSession - receive error: operation aborted. errorcode: 995, details: The I/O operation has been aborted because of either a thread exit or an application request.
AssetImportWorker is now disconnected from the server
Process exiting
Exiting without the bug reporter. Application will terminate with return code 0